<?xml version="1.0" encoding="UTF-8"?>
<!-- Generated by org.testng.reporters.JUnitReportReporter -->
<testsuite hostname="SYS174" name="com.crm.qa.testcases.LoginPageTest" tests="3" failures="0" timestamp="12 Oct 2018 09:09:56 GMT" time="51.051" errors="0">
  <testcase name="loginTest" time="21.610" classname="com.crm.qa.testcases.LoginPageTest"/>
  <testcase name="crmLogoImageTest" time="14.544" classname="com.crm.qa.testcases.LoginPageTest"/>
  <testcase name="loginPageTitleTest" time="14.897" classname="com.crm.qa.testcases.LoginPageTest"/>
</testsuite> <!-- com.crm.qa.testcases.LoginPageTest -->
