<?xml version="1.0" encoding="UTF-8"?>
<!-- Generated by org.testng.reporters.JUnitReportReporter -->
<testsuite hostname="SYS174" name="com.crm.qa.testcases.HomePageTest" tests="3" failures="0" timestamp="12 Oct 2018 09:09:56 GMT" time="79.258" errors="0">
  <testcase name="verifyContactsLinkTest" time="22.789" classname="com.crm.qa.testcases.HomePageTest"/>
  <testcase name="verifyUserNameTest" time="23.210" classname="com.crm.qa.testcases.HomePageTest"/>
  <testcase name="verifyHomePageTitleTest" time="33.259" classname="com.crm.qa.testcases.HomePageTest"/>
</testsuite> <!-- com.crm.qa.testcases.HomePageTest -->
